Using pre-set license
Built from '2020.3/staging' branch; Version is '2020.3.6f1 (338bb68529b2) revision 3378102'; Using compiler version '192528614'; Build Type 'Release'
OS: 'Windows 10 Home; OS build 19041.1110; Version 2004; 64bit' Language: 'en' Physical Memory: 8124 MB
BatchMode: 1, IsHumanControllingUs: 0, StartBugReporterOnCrash: 0, Is64bit: 1, IsPro: 0

 COMMAND LINE ARGUMENTS:
C:\Program Files\Unity\Hub\Editor\2020.3.6f1\Editor\Unity.exe
-adb2
-batchMode
-noUpm
-name
AssetImportWorker0
-projectPath
C:/Users/shayn_ux8zvqd/OneDrive/Documents/GitHub/BoredPixelJam8
-logFile
Logs/AssetImportWorker0.log
-srvPort
58860
Successfully changed project path to: C:/Users/shayn_ux8zvqd/OneDrive/Documents/GitHub/BoredPixelJam8
C:/Users/shayn_ux8zvqd/OneDrive/Documents/GitHub/BoredPixelJam8
Using Asset Import Pipeline V2.
Refreshing native plugins compatible for Editor in 40.79 ms, found 1 plugins.
Preloading 0 native plugins for Editor in 0.00 ms.
Initialize engine version: 2020.3.6f1 (338bb68529b2)
[Subsystems] Discovering subsystems at path C:/Program Files/Unity/Hub/Editor/2020.3.6f1/Editor/Data/Resources/UnitySubsystems
[Subsystems] Discovering subsystems at path C:/Users/shayn_ux8zvqd/OneDrive/Documents/GitHub/BoredPixelJam8/Assets
GfxDevice: creating device client; threaded=0
Direct3D:
    Version:  Direct3D 11.0 [level 11.1]
    Renderer: NVIDIA GeForce GTX 1060 3GB (ID=0x1c02)
    Vendor:   
    VRAM:     2988 MB
    Driver:   27.21.14.6230
Initialize mono
Mono path[0] = 'C:/Program Files/Unity/Hub/Editor/2020.3.6f1/Editor/Data/Managed'
Mono path[1] = 'C:/Program Files/Unity/Hub/Editor/2020.3.6f1/Editor/Data/MonoBleedingEdge/lib/mono/unityjit'
Mono config path = 'C:/Program Files/Unity/Hub/Editor/2020.3.6f1/Editor/Data/MonoBleedingEdge/etc'
Using monoOptions --debugger-agent=transport=dt_socket,embedding=1,server=y,suspend=n,address=127.0.0.1:56876
Begin MonoManager ReloadAssembly
Registering precompiled unity dll's ...
Register platform support module: C:/Program Files/Unity/Hub/Editor/2020.3.6f1/Editor/Data/PlaybackEngines/WindowsStandaloneSupport/UnityEditor.WindowsStandalone.Extensions.dll
Registered in 0.003036 seconds.
Native extension for WindowsStandalone target not found
Refreshing native plugins compatible for Editor in 38.30 ms, found 1 plugins.
Preloading 0 native plugins for Editor in 0.00 ms.
Unable to find bridge dll in registry for Microsoft Visual Studio Tools for Unity for C:\Program Files (x86)\Microsoft Visual Studio\2019\Community\Common7\IDE\devenv.exe
Mono: successfully reloaded assembly
- Completed reload, in  1.361 seconds
Platform modules already initialized, skipping
Registering precompiled user dll's ...
Registered in 0.001673 seconds.
Begin MonoManager ReloadAssembly
Native extension for WindowsStandalone target not found
Refreshing native plugins compatible for Editor in 37.44 ms, found 1 plugins.
Preloading 0 native plugins for Editor in 0.00 ms.
Mono: successfully reloaded assembly
- Completed reload, in  1.021 seconds
Platform modules already initialized, skipping
========================================================================
Worker process is ready to serve import requests
Launched and connected shader compiler UnityShaderCompiler.exe after 0.06 seconds
Refreshing native plugins compatible for Editor in 0.34 ms, found 1 plugins.
Preloading 0 native plugins for Editor in 0.00 ms.
Unloading 1823 Unused Serialized files (Serialized files now loaded: 0)
System memory in use before: 87.0 MB.
System memory in use after: 87.1 MB.

Unloading 19 unused Assets to reduce memory usage. Loaded Objects now: 2270.
Total: 2.796000 ms (FindLiveObjects: 0.292600 ms CreateObjectMapping: 0.536400 ms MarkObjects: 1.843900 ms  DeleteObjects: 0.121400 ms)

========================================================================
Received Import Request.
  path: Assets/Scenes/GameplaySettings.lighting
  artifactKey: Guid(72eaa5303c448496593da903b38c6208) Importer(815301076,1909f56bfc062723c751e8b465ee728b)
Start importing Assets/Scenes/GameplaySettings.lighting using Guid(72eaa5303c448496593da903b38c6208) Importer(815301076,1909f56bfc062723c751e8b465ee728b)  -> (artifact id: 'b23bfe1062fba87520c5f8095100a732') in 0.058911 seconds
  Import took 0.061876 seconds .

========================================================================
Received Import Request.
  Time since last request: 0.000300 seconds.
  path: Assets/Scenes
  artifactKey: Guid(c70f1a4984e7590459e25dd72c890bce) Importer(815301076,1909f56bfc062723c751e8b465ee728b)
Start importing Assets/Scenes using Guid(c70f1a4984e7590459e25dd72c890bce) Importer(815301076,1909f56bfc062723c751e8b465ee728b)  -> (artifact id: '5f815545d7ed80fd04b9631e95a21513') in 0.003366 seconds
  Import took 0.007524 seconds .

========================================================================
Received Import Request.
  Time since last request: 2.789542 seconds.
  path: Assets/Scenes/Gameplay.unity
  artifactKey: Guid(48610c55c9d558f44b2e6940764809d4) Importer(815301076,1909f56bfc062723c751e8b465ee728b)
Start importing Assets/Scenes/Gameplay.unity using Guid(48610c55c9d558f44b2e6940764809d4) Importer(815301076,1909f56bfc062723c751e8b465ee728b)  -> (artifact id: '9bd9d1b79932cd4184ca4cce1991c85f') in 0.005454 seconds
  Import took 0.009178 seconds .

========================================================================
Received Import Request.
  Time since last request: 7.319169 seconds.
  path: Assets/Scenes/Menu.unity
  artifactKey: Guid(adbcd3b39a114884096faefc90b1e33a) Importer(815301076,1909f56bfc062723c751e8b465ee728b)
Start importing Assets/Scenes/Menu.unity using Guid(adbcd3b39a114884096faefc90b1e33a) Importer(815301076,1909f56bfc062723c751e8b465ee728b)  -> (artifact id: '3be553d0075357d51e7d68715fb2a793') in 0.006851 seconds
  Import took 0.014113 seconds .

========================================================================
Received Import Request.
  Time since last request: 13.469352 seconds.
  path: Assets/Sprites/bpj8.png
  artifactKey: Guid(6f6bf76dae96c46dc9943a6003d96050) Importer(815301076,1909f56bfc062723c751e8b465ee728b)
Start importing Assets/Sprites/bpj8.png using Guid(6f6bf76dae96c46dc9943a6003d96050) Importer(815301076,1909f56bfc062723c751e8b465ee728b)  -> (artifact id: '5852b7104465e5993746b80adf9ed289') in 0.131970 seconds
  Import took 0.135495 seconds .

========================================================================
Received Import Request.
  Time since last request: 9.382201 seconds.
  path: Assets/TextMesh Pro/Sprites
  artifactKey: Guid(d0603b6d5186471b96c778c3949c7ce2) Importer(815301076,1909f56bfc062723c751e8b465ee728b)
Start importing Assets/TextMesh Pro/Sprites using Guid(d0603b6d5186471b96c778c3949c7ce2) Importer(815301076,1909f56bfc062723c751e8b465ee728b)  -> (artifact id: '4ec5af937ed48b4265499df9113969b0') in 0.004892 seconds
  Import took 0.008861 seconds .

========================================================================
Received Import Request.
  Time since last request: 0.087762 seconds.
  path: Assets/TextMesh Pro/Sprites/EmojiOne.png
  artifactKey: Guid(dffef66376be4fa480fb02b19edbe903) Importer(815301076,1909f56bfc062723c751e8b465ee728b)
Start importing Assets/TextMesh Pro/Sprites/EmojiOne.png using Guid(dffef66376be4fa480fb02b19edbe903) Importer(815301076,1909f56bfc062723c751e8b465ee728b)  -> (artifact id: '2d69b97cd1c9e53cf1341e1116ee7774') in 0.022942 seconds
  Import took 0.026617 seconds .

========================================================================
Received Import Request.
  Time since last request: 10.406866 seconds.
  path: Packages/com.unity.2d.spriteshape
  artifactKey: Guid(9f9e809966b8f16f626c5fa29105d97a) Importer(815301076,1909f56bfc062723c751e8b465ee728b)
Start importing Packages/com.unity.2d.spriteshape using Guid(9f9e809966b8f16f626c5fa29105d97a) Importer(815301076,1909f56bfc062723c751e8b465ee728b)  -> (artifact id: '378b5f32049fe7cd88f55c9b0fb257cd') in 0.005269 seconds
  Import took 0.008563 seconds .

========================================================================
Received Import Request.
  Time since last request: 0.115101 seconds.
  path: Packages/com.unity.2d.spriteshape/package.json
  artifactKey: Guid(4eabc3d1ad1424372b03cfc117521e24) Importer(815301076,1909f56bfc062723c751e8b465ee728b)
Start importing Packages/com.unity.2d.spriteshape/package.json using Guid(4eabc3d1ad1424372b03cfc117521e24) Importer(815301076,1909f56bfc062723c751e8b465ee728b)  -> (artifact id: 'ae55d448712ec0e4e5e7433034dfbad1') in 0.005626 seconds
  Import took 0.009279 seconds .

========================================================================
Received Import Request.
  Time since last request: 9.930112 seconds.
  path: Packages/com.unity.textmeshpro
  artifactKey: Guid(cabaa672b0e3ee91fa7b6da4daab7970) Importer(815301076,1909f56bfc062723c751e8b465ee728b)
Start importing Packages/com.unity.textmeshpro using Guid(cabaa672b0e3ee91fa7b6da4daab7970) Importer(815301076,1909f56bfc062723c751e8b465ee728b)  -> (artifact id: '31d5d40127c98add9a25e6a6a0e49a9d') in 0.014271 seconds
  Import took 0.018921 seconds .

========================================================================
Received Import Request.
  Time since last request: 0.073960 seconds.
  path: Packages/com.unity.textmeshpro/package.json
  artifactKey: Guid(220e9325710f4235a43492dd1ee4980d) Importer(815301076,1909f56bfc062723c751e8b465ee728b)
Start importing Packages/com.unity.textmeshpro/package.json using Guid(220e9325710f4235a43492dd1ee4980d) Importer(815301076,1909f56bfc062723c751e8b465ee728b)  -> (artifact id: '3d0f1768ea6524ee2ebbb24c1d0bf33d') in 0.003262 seconds
  Import took 0.006843 seconds .

========================================================================
Received Import Request.
  Time since last request: 93.705411 seconds.
  path: Packages/com.unity.2d.common/package.json
  artifactKey: Guid(68f1917ec3cac45b080c26153375c2bb) Importer(815301076,1909f56bfc062723c751e8b465ee728b)
Start importing Packages/com.unity.2d.common/package.json using Guid(68f1917ec3cac45b080c26153375c2bb) Importer(815301076,1909f56bfc062723c751e8b465ee728b)  -> (artifact id: 'db2e239c36e982b1687c77fe127bec4a') in 0.003931 seconds
  Import took 0.007294 seconds .

========================================================================
Received Import Request.
  Time since last request: 0.912073 seconds.
  path: Packages/com.unity.2d.path/package.json
  artifactKey: Guid(990785fe75c54584ab4201a3e20e1655) Importer(815301076,1909f56bfc062723c751e8b465ee728b)
Start importing Packages/com.unity.2d.path/package.json using Guid(990785fe75c54584ab4201a3e20e1655) Importer(815301076,1909f56bfc062723c751e8b465ee728b)  -> (artifact id: 'b77b1528b0b67210a5c4d085061099f7') in 0.003638 seconds
  Import took 0.007594 seconds .

========================================================================
Received Import Request.
  Time since last request: 0.655952 seconds.
  path: Packages/com.unity.2d.pixel-perfect/package.json
  artifactKey: Guid(b1c570008ebc15d4183516ca5722a39e) Importer(815301076,1909f56bfc062723c751e8b465ee728b)
Start importing Packages/com.unity.2d.pixel-perfect/package.json using Guid(b1c570008ebc15d4183516ca5722a39e) Importer(815301076,1909f56bfc062723c751e8b465ee728b)  -> (artifact id: 'e0f29dfcf106f2a4cb0270df287418cc') in 0.003749 seconds
  Import took 0.007202 seconds .

========================================================================
Received Import Request.
  Time since last request: 1.040621 seconds.
  path: Packages/com.unity.2d.sprite/package.json
  artifactKey: Guid(7dc5f1e5d04ac8549ac21802071e983b) Importer(815301076,1909f56bfc062723c751e8b465ee728b)
Start importing Packages/com.unity.2d.sprite/package.json using Guid(7dc5f1e5d04ac8549ac21802071e983b) Importer(815301076,1909f56bfc062723c751e8b465ee728b)  -> (artifact id: '520df33618072cbf966ed915065c9d52') in 0.003348 seconds
  Import took 0.006956 seconds .

========================================================================
Received Import Request.
  Time since last request: 12.157759 seconds.
  path: Assets/TextMesh Pro/Fonts/LiberationSans.ttf
  artifactKey: Guid(e3265ab4bf004d28a9537516768c1c75) Importer(815301076,1909f56bfc062723c751e8b465ee728b)
Start importing Assets/TextMesh Pro/Fonts/LiberationSans.ttf using Guid(e3265ab4bf004d28a9537516768c1c75) Importer(815301076,1909f56bfc062723c751e8b465ee728b)  -> (artifact id: '36736ac8334126e084b6dc885aeab6bf') in 0.351374 seconds
  Import took 0.354728 seconds .

========================================================================
Received Prepare
Registering precompiled user dll's ...
Registered in 0.002394 seconds.
Begin MonoManager ReloadAssembly
Native extension for WindowsStandalone target not found
Refreshing native plugins compatible for Editor in 0.42 ms, found 1 plugins.
Preloading 0 native plugins for Editor in 0.00 ms.
Mono: successfully reloaded assembly
- Completed reload, in  1.996 seconds
Platform modules already initialized, skipping
Refreshing native plugins compatible for Editor in 0.50 ms, found 1 plugins.
Preloading 0 native plugins for Editor in 0.00 ms.
Unloading 1800 Unused Serialized files (Serialized files now loaded: 0)
System memory in use before: 88.6 MB.
System memory in use after: 88.7 MB.

Unloading 7 unused Assets to reduce memory usage. Loaded Objects now: 2320.
Total: 2.820100 ms (FindLiveObjects: 0.199100 ms CreateObjectMapping: 0.071800 ms MarkObjects: 2.530100 ms  DeleteObjects: 0.017700 ms)

========================================================================
Received Import Request.
  Time since last request: 276.821383 seconds.
  path: Assets/Scripts/GameMenu
  artifactKey: Guid(3a3c63195c7ac45b29cdaf5e3092ef65) Importer(815301076,1909f56bfc062723c751e8b465ee728b)
Start importing Assets/Scripts/GameMenu using Guid(3a3c63195c7ac45b29cdaf5e3092ef65) Importer(815301076,1909f56bfc062723c751e8b465ee728b)  -> (artifact id: 'bb28d39b30e5d56396689b89bdde1201') in 0.010715 seconds
  Import took 0.015296 seconds .

========================================================================
Received Import Request.
  Time since last request: 1.302078 seconds.
  path: Assets/Scripts/GameMenu/GameMenu.cs
  artifactKey: Guid(3a0949b7cfcf54e76961a16b3b4f8a45) Importer(815301076,1909f56bfc062723c751e8b465ee728b)
Start importing Assets/Scripts/GameMenu/GameMenu.cs using Guid(3a0949b7cfcf54e76961a16b3b4f8a45) Importer(815301076,1909f56bfc062723c751e8b465ee728b)  -> (artifact id: 'e8058d039e3f852cdad1b8876bf75781') in 0.007439 seconds
  Import took 0.010695 seconds .

========================================================================
Received Import Request.
  Time since last request: 0.008352 seconds.
  path: Assets/Scripts/GameMenu/GameMenu.cs
  artifactKey: Guid(3a0949b7cfcf54e76961a16b3b4f8a45) Importer(815301076,1909f56bfc062723c751e8b465ee728b)
Start importing Assets/Scripts/GameMenu/GameMenu.cs using Guid(3a0949b7cfcf54e76961a16b3b4f8a45) Importer(815301076,1909f56bfc062723c751e8b465ee728b)  -> (artifact id: 'e8058d039e3f852cdad1b8876bf75781') in 0.003910 seconds
  Import took 0.007481 seconds .

